<?xml version="1.0" encoding="UTF-8"?>
<!-- Generated by org.testng.reporters.JUnitReportReporter -->
<testsuite hostname="B300LCOK" failures="0" tests="3" name="com.scripted.runners.SaveMartRunner" time="361.775" errors="1" timestamp="2023-02-23T13:54:14 IST" skipped="0">
  <testcase classname="com.scripted.runners.SaveMartRunner" name="teardown" time="11.766">
    <error message="org/json/simple/parser/JSONParser" type="java.lang.NoClassDefFoundError">
      <![CDATA[java.lang.NoClassDefFoundError: org/json/simple/parser/JSONParser
at com.scripted.Allure.AllureReport.summaryJsonEdit(AllureReport.java:195)
at com.scripted.Allure.AllureReport.customizeReport(AllureReport.java:104)
at com.scripted.configurations.SkriptmateConfigurations.afterSuite(SkriptmateConfigurations.java:101)
at com.scripted.runners.SaveMartRunner.teardown(SaveMartRunner.java:24)
at java.base/jdk.internal.reflect.DirectMethodHandleAccessor.invoke(DirectMethodHandleAccessor.java:104)
at java.base/java.lang.reflect.Method.invoke(Method.java:577)
at org.testng.internal.MethodInvocationHelper.invokeMethod(MethodInvocationHelper.java:134)
at org.testng.internal.MethodInvocationHelper.invokeMethodConsideringTimeout(MethodInvocationHelper.java:63)
at org.testng.internal.ConfigInvoker.invokeConfigurationMethod(ConfigInvoker.java:348)
at org.testng.internal.ConfigInvoker.invokeConfigurations(ConfigInvoker.java:302)
at org.testng.SuiteRunner.privateRun(SuiteRunner.java:351)
at org.testng.SuiteRunner.run(SuiteRunner.java:286)
at org.testng.SuiteRunnerWorker.runSuite(SuiteRunnerWorker.java:53)
at org.testng.SuiteRunnerWorker.run(SuiteRunnerWorker.java:96)
at org.testng.TestNG.runSuitesSequentially(TestNG.java:1187)
at org.testng.TestNG.runSuitesLocally(TestNG.java:1109)
at org.testng.TestNG.runSuites(TestNG.java:1039)
at org.testng.TestNG.run(TestNG.java:1007)
at org.testng.remote.AbstractRemoteTestNG.run(AbstractRemoteTestNG.java:115)
at org.testng.remote.RemoteTestNG.initAndRun(RemoteTestNG.java:251)
at org.testng.remote.RemoteTestNG.main(RemoteTestNG.java:77)
Caused by: java.lang.ClassNotFoundException: org.json.simple.parser.JSONParser
at java.base/jdk.internal.loader.BuiltinClassLoader.loadClass(BuiltinClassLoader.java:641)
at java.base/jdk.internal.loader.ClassLoaders$AppClassLoader.loadClass(ClassLoaders.java:188)
at java.base/java.lang.ClassLoader.loadClass(ClassLoader.java:521)
... 21 more
]]>
    </error>
  </testcase> <!-- teardown -->
  <system-out/>
  <testcase classname="com.scripted.runners.SaveMartRunner" name="runScenario" time="293.899"/>
  <system-out/>
  <testcase classname="com.scripted.runners.SaveMartRunner" name="runScenario" time="56.110"/>
  <system-out/>
</testsuite> <!-- com.scripted.runners.SaveMartRunner -->
