<?xml version="1.0" encoding="UTF-8"?>
<!-- Generated by org.testng.reporters.JUnitReportReporter -->
<testsuite hostname="B300LCOK" failures="0" tests="2" name="com.scripted.runners.WebTestNGRunner" time="53.225" errors="1" timestamp="23 Feb 2023 06:11:03 GMT" skipped="0">
  <testcase classname="com.scripted.runners.WebTestNGRunner" name="teardown" time="6.623">
    <error message="org/glassfish/jersey/media/multipart/BodyPart" type="java.lang.NoClassDefFoundError">
      <![CDATA[java.lang.NoClassDefFoundError: org/glassfish/jersey/media/multipart/BodyPart
at com.scripted.zephyr.JiraAPI.getVersionId(JiraAPI.java:38)
at com.scripted.zephyr.zephyrConfig.propSet(zephyrConfig.java:68)
at com.scripted.integration.JiraUtils.uploadResultsFromCucumberJson(JiraUtils.java:22)
at com.scripted.configurations.SkriptmateConfigurations.afterSuite(SkriptmateConfigurations.java:152)
at com.scripted.runners.WebTestNGRunner.teardown(WebTestNGRunner.java:21)
at java.base/jdk.internal.reflect.DirectMethodHandleAccessor.invoke(DirectMethodHandleAccessor.java:104)
at java.base/java.lang.reflect.Method.invoke(Method.java:577)
at org.testng.internal.MethodInvocationHelper.invokeMethod(MethodInvocationHelper.java:124)
at org.testng.internal.MethodInvocationHelper.invokeMethodConsideringTimeout(MethodInvocationHelper.java:59)
at org.testng.internal.Invoker.invokeConfigurationMethod(Invoker.java:458)
at org.testng.internal.Invoker.invokeConfigurations(Invoker.java:222)
at org.testng.internal.Invoker.invokeConfigurations(Invoker.java:142)
at org.testng.SuiteRunner.privateRun(SuiteRunner.java:425)
at org.testng.SuiteRunner.run(SuiteRunner.java:364)
at org.testng.SuiteRunnerWorker.runSuite(SuiteRunnerWorker.java:52)
at org.testng.SuiteRunnerWorker.run(SuiteRunnerWorker.java:84)
at org.testng.TestNG.runSuitesSequentially(TestNG.java:1208)
at org.testng.TestNG.runSuitesLocally(TestNG.java:1137)
at org.testng.TestNG.runSuites(TestNG.java:1049)
at org.testng.TestNG.run(TestNG.java:1017)
at org.testng.remote.AbstractRemoteTestNG.run(AbstractRemoteTestNG.java:115)
at org.testng.remote.RemoteTestNG.initAndRun(RemoteTestNG.java:251)
at org.testng.remote.RemoteTestNG.main(RemoteTestNG.java:77)
Caused by: java.lang.ClassNotFoundException: org.glassfish.jersey.media.multipart.BodyPart
at java.base/jdk.internal.loader.BuiltinClassLoader.loadClass(BuiltinClassLoader.java:641)
at java.base/jdk.internal.loader.ClassLoaders$AppClassLoader.loadClass(ClassLoaders.java:188)
at java.base/java.lang.ClassLoader.loadClass(ClassLoader.java:521)
... 23 more
]]>
    </error>
  </testcase> <!-- teardown -->
  <testcase classname="com.scripted.runners.WebTestNGRunner" name="runScenario" time="46.602"/>
</testsuite> <!-- com.scripted.runners.WebTestNGRunner -->
